<?xml version="1.0" encoding="utf-8"?><testsuites name="pytest tests"><testsuite name="pytest" errors="0" failures="0" skipped="0" tests="7" time="1.904" timestamp="2026-06-07T23:17:36.557795+00:00" hostname="agent-env-d0417c52-c201-4657-b342-dd107da347f2"><testcase classname="backend.tests.test_conversations_pin" name="test_list_includes_pinned_field" time="0.841" /><testcase classname="backend.tests.test_conversations_pin" name="test_patch_pin_returns_pinned_true" time="0.104" /><testcase classname="backend.tests.test_conversations_pin" name="test_pinned_sorts_to_top" time="0.138" /><testcase classname="backend.tests.test_conversations_pin" name="test_patch_unpin_reverses" time="0.110" /><testcase classname="backend.tests.test_conversations_pin" name="test_patch_invalid_id_returns_404" time="0.103" /><testcase classname="backend.tests.test_conversations_pin" name="test_patch_requires_auth" time="0.162" /><testcase classname="backend.tests.test_conversations_pin" name="test_patch_empty_body_returns_400" time="0.337" /></testsuite></testsuites>