<?xml version="1.0" encoding="utf-8"?><testsuites name="pytest tests"><testsuite name="pytest" errors="0" failures="0" skipped="0" tests="15" time="4.575" timestamp="2026-06-08T15:22:27.055137+00:00" hostname="agent-env-b858029d-ed1e-4b88-a455-39a0eba03a06"><testcase classname="backend.tests.test_iteration6_new_features.TestRestockAlertsPost" name="test_success_warehouse_product" time="0.526" /><testcase classname="backend.tests.test_iteration6_new_features.TestRestockAlertsPost" name="test_invalid_email" time="0.113" /><testcase classname="backend.tests.test_iteration6_new_features.TestRestockAlertsPost" name="test_product_not_found" time="0.135" /><testcase classname="backend.tests.test_iteration6_new_features.TestRestockAlertsPost" name="test_dropship_product_rejected" time="0.282" /><testcase classname="backend.tests.test_iteration6_new_features.TestRestockAlertsPost" name="test_digital_product_rejected" time="0.250" /><testcase classname="backend.tests.test_iteration6_new_features.TestRestockAlertsPost" name="test_idempotent_duplicate" time="0.719" /><testcase classname="backend.tests.test_iteration6_new_features.TestAdminRestockAlerts" name="test_admin_can_list" time="0.326" /><testcase classname="backend.tests.test_iteration6_new_features.TestAdminRestockAlerts" name="test_non_admin_forbidden" time="0.459" /><testcase classname="backend.tests.test_iteration6_new_features.TestAdminRestockAlerts" name="test_unauthenticated_rejected" time="0.117" /><testcase classname="backend.tests.test_iteration6_new_features.TestDigitalProducts" name="test_returns_five_digital" time="0.117" /><testcase classname="backend.tests.test_iteration6_new_features.TestDigitalProducts" name="test_each_has_download_url_and_type" time="0.770" /><testcase classname="backend.tests.test_iteration6_new_features.TestAdjustableDumbbells" name="test_sku_AM_SPO_091_is_warehouse" time="0.105" /><testcase classname="backend.tests.test_iteration6_new_features.TestCatalogCounts" name="test_total_around_106" time="0.102" /><testcase classname="backend.tests.test_iteration6_new_features.TestCatalogCounts" name="test_warehouse_count" time="0.219" /><testcase classname="backend.tests.test_iteration6_new_features.TestCatalogCounts" name="test_dropship_count" time="0.189" /></testsuite></testsuites>