<?xml version="1.0" encoding="utf-8"?><testsuites name="pytest tests"><testsuite name="pytest" errors="0" failures="0" skipped="0" tests="21" time="4.332" timestamp="2026-06-08T19:49:24.562093+00:00" hostname="agent-env-b858029d-ed1e-4b88-a455-39a0eba03a06"><testcase classname="tests.test_iteration7_final_regression.TestCatalog" name="test_total_count_is_106" time="0.257" /><testcase classname="tests.test_iteration7_final_regression.TestCatalog" name="test_fulfillment_mix" time="0.006" /><testcase classname="tests.test_iteration7_final_regression.TestCatalog" name="test_every_product_has_fulfillment_and_reorder_point" time="0.001" /><testcase classname="tests.test_iteration7_final_regression.TestCatalog" name="test_fulfillment_filter_and_sort_rating" time="0.121" /><testcase classname="tests.test_iteration7_final_regression.TestCatalog" name="test_sort_popular" time="0.120" /><testcase classname="tests.test_iteration7_final_regression.TestCatalog" name="test_digital_filter_returns_five" time="0.111" /><testcase classname="tests.test_iteration7_final_regression.TestLowStock" name="test_unauthenticated_blocked" time="0.129" /><testcase classname="tests.test_iteration7_final_regression.TestLowStock" name="test_user_forbidden" time="0.486" /><testcase classname="tests.test_iteration7_final_regression.TestLowStock" name="test_admin_shape_and_sort" time="0.531" /><testcase classname="tests.test_iteration7_final_regression.TestOrders" name="test_admin_orders_returns_has_flags" time="0.125" /><testcase classname="tests.test_iteration7_final_regression.TestRestockAlerts" name="test_subscribe_invalid_email" time="0.122" /><testcase classname="tests.test_iteration7_final_regression.TestRestockAlerts" name="test_subscribe_404_for_unknown_product" time="0.108" /><testcase classname="tests.test_iteration7_final_regression.TestRestockAlerts" name="test_subscribe_400_for_dropship" time="0.141" /><testcase classname="tests.test_iteration7_final_regression.TestRestockAlerts" name="test_subscribe_400_for_digital" time="0.136" /><testcase classname="tests.test_iteration7_final_regression.TestRestockAlerts" name="test_subscribe_warehouse_oos_idempotent" time="0.253" /><testcase classname="tests.test_iteration7_final_regression.TestRestockAlerts" name="test_admin_list_unauthenticated" time="0.123" /><testcase classname="tests.test_iteration7_final_regression.TestRestockAlerts" name="test_admin_list_shape" time="0.117" /><testcase classname="tests.test_iteration7_final_regression.TestRestockAlerts" name="test_admin_run_unauthenticated" time="0.118" /><testcase classname="tests.test_iteration7_final_regression.TestRestockAlerts" name="test_admin_run_dispatch_skips_oos" time="0.110" /><testcase classname="tests.test_iteration7_final_regression.TestRestockAlerts" name="test_admin_run_dispatch_processes_restocked" time="0.122" /><testcase classname="tests.test_iteration7_final_regression.TestCheckout" name="test_checkout_persists_has_flags" time="0.933" /></testsuite></testsuites>