<?xml version="1.0" encoding="utf-8"?><testsuites name="pytest tests"><testsuite name="pytest" errors="0" failures="0" skipped="1" tests="18" time="15.988" timestamp="2026-06-07T21:44:01.548720+00:00" hostname="agent-env-d0417c52-c201-4657-b342-dd107da347f2"><testcase classname="backend.tests.test_phase_ai_features.TestAuth" name="test_register_and_login_new_user" time="0.706" /><testcase classname="backend.tests.test_phase_ai_features.TestAuth" name="test_admin_login" time="0.324" /><testcase classname="backend.tests.test_phase_ai_features.TestProducts" name="test_list_products" time="0.154" /><testcase classname="backend.tests.test_phase_ai_features.TestProducts" name="test_review_count_seeded_nonzero" time="0.105" /><testcase classname="backend.tests.test_phase_ai_features.TestProducts" name="test_product_detail" time="0.239" /><testcase classname="backend.tests.test_phase_ai_features.TestUserFlows" name="test_wishlist_is_client_side" time="0.049" /><testcase classname="backend.tests.test_phase_ai_features.TestUserFlows" name="test_orders_mine_endpoint" time="0.048" /><testcase classname="backend.tests.test_phase_ai_features.TestPromo" name="test_promo_valid_welcome10" time="0.133" /><testcase classname="backend.tests.test_phase_ai_features.TestPromo" name="test_promo_invalid_code" time="0.113" /><testcase classname="backend.tests.test_phase_ai_features.TestPromo" name="test_promo_min_order_not_met" time="0.112" /><testcase classname="backend.tests.test_phase_ai_features.TestPromo" name="test_promo_lowercase_code" time="0.140" /><testcase classname="backend.tests.test_phase_ai_features.TestAIChat" name="test_chat_returns_reply_and_products" time="4.140" /><testcase classname="backend.tests.test_phase_ai_features.TestAIChat" name="test_chat_with_history" time="5.474" /><testcase classname="backend.tests.test_phase_ai_features.TestAIGenerateDescription" name="test_generate_description" time="3.602" /><testcase classname="backend.tests.test_phase_ai_features.TestAIGenerateDescription" name="test_generate_description_empty_title" time="0.119" /><testcase classname="backend.tests.test_phase_ai_features.TestAIReviewSummary" name="test_review_summary_lt10_returns_null" time="0.107"><skipped type="pytest.skip" message="no product with &lt;10 reviews">/app/backend/tests/test_phase_ai_features.py:207: no product with &lt;10 reviews</skipped></testcase><testcase classname="backend.tests.test_phase_ai_features.TestAIReviewSummary" name="test_review_summary_high_reviews" time="0.236" /><testcase classname="backend.tests.test_phase_ai_features.TestAIReviewSummary" name="test_review_summary_404_for_invalid_id" time="0.101" /></testsuite></testsuites>