<?xml version="1.0" encoding="utf-8"?><testsuites name="pytest tests"><testsuite name="pytest" errors="0" failures="0" skipped="1" tests="13" time="2.475" timestamp="2026-06-08T03:32:59.109396+00:00" hostname="agent-env-b858029d-ed1e-4b88-a455-39a0eba03a06"><testcase classname="tests.test_phase5_fulfillment.TestMigration" name="test_all_products_have_fulfillment_type" time="0.025" /><testcase classname="tests.test_phase5_fulfillment.TestMigration" name="test_all_products_have_reorder_point" time="0.001" /><testcase classname="tests.test_phase5_fulfillment.TestMigration" name="test_split_close_to_50_50" time="0.001" /><testcase classname="tests.test_phase5_fulfillment.TestMigration" name="test_dropship_stock_is_zero" time="0.001" /><testcase classname="tests.test_phase5_fulfillment.TestMigration" name="test_products_endpoint_reachable" time="0.198" /><testcase classname="tests.test_phase5_fulfillment.TestProductUpdate" name="test_update_reorder_point" time="0.598" /><testcase classname="tests.test_phase5_fulfillment.TestProductUpdate" name="test_update_digital_with_download_url" time="0.221" /><testcase classname="tests.test_phase5_fulfillment.TestLowStock" name="test_requires_auth" time="0.136" /><testcase classname="tests.test_phase5_fulfillment.TestLowStock" name="test_forbidden_for_customer" time="0.426" /><testcase classname="tests.test_phase5_fulfillment.TestLowStock" name="test_low_stock_shape_and_force_inclusion" time="0.308" /><testcase classname="tests.test_phase5_fulfillment.TestOrderFlags" name="test_synthetic_legacy_order_backfill" time="0.117" /><testcase classname="tests.test_phase5_fulfillment.TestOrderFlags" name="test_synthetic_all_warehouse_order_flags" time="0.103" /><testcase classname="tests.test_phase5_fulfillment.TestOrderFlags" name="test_checkout_session_sets_flags" time="0.138"><skipped type="pytest.skip" message="checkout 500 (likely missing STRIPE_API_KEY): {&quot;detail&quot;:&quot;Stripe is not configured&quot;}">/app/backend/tests/test_phase5_fulfillment.py:282: checkout 500 (likely missing STRIPE_API_KEY): {"detail":"Stripe is not configured"}</skipped></testcase></testsuite></testsuites>