<?xml version="1.0" encoding="utf-8"?><testsuites name="pytest tests"><testsuite name="pytest" errors="0" failures="0" skipped="0" tests="11" time="2.324" timestamp="2026-06-07T23:00:19.454980+00:00" hostname="agent-env-d0417c52-c201-4657-b342-dd107da347f2"><testcase classname="backend.tests.test_saved_chats_share" name="test_login_admin" time="0.469" /><testcase classname="backend.tests.test_saved_chats_share" name="test_create_conversation" time="0.493" /><testcase classname="backend.tests.test_saved_chats_share" name="test_list_conversations" time="0.135" /><testcase classname="backend.tests.test_saved_chats_share" name="test_get_conversation_detail" time="0.110" /><testcase classname="backend.tests.test_saved_chats_share" name="test_share_conversation_returns_token_and_url" time="0.110" /><testcase classname="backend.tests.test_saved_chats_share" name="test_share_endpoint_is_public_no_auth" time="0.108" /><testcase classname="backend.tests.test_saved_chats_share" name="test_share_invalid_token_returns_404" time="0.154" /><testcase classname="backend.tests.test_saved_chats_share" name="test_get_conversation_requires_auth" time="0.101" /><testcase classname="backend.tests.test_saved_chats_share" name="test_delete_conversation_requires_auth" time="0.182" /><testcase classname="backend.tests.test_saved_chats_share" name="test_delete_conversation" time="0.195" /><testcase classname="backend.tests.test_saved_chats_share" name="test_admin_route_still_loads_via_me_after_login" time="0.140" /></testsuite></testsuites>